[0.045s] DEBUG:colcon:Command line arguments: ['/usr/bin/colcon', 'build']
[0.045s] DEBUG:colcon:Parsed command line arguments: Namespace(log_base=None, log_level=None, verb_name='build', build_base='build', install_base='install', merge_install=False, symlink_install=False, test_result_base=None, continue_on_error=False, executor='parallel', parallel_workers=28, event_handlers=None, ignore_user_meta=False, metas=['./colcon.meta'], base_paths=['.'], packages_ignore=None, packages_ignore_regex=None, paths=None, packages_up_to=None, packages_up_to_regex=None, packages_above=None, packages_above_and_dependencies=None, packages_above_depth=None, packages_select_by_dep=None, packages_skip_by_dep=None, packages_skip_up_to=None, packages_select_build_failed=False, packages_skip_build_finished=False, packages_select_test_failures=False, packages_skip_test_passed=False, packages_select=None, packages_skip=None, packages_select_regex=None, packages_skip_regex=None, packages_start=None, packages_end=None, allow_overriding=[], cmake_args=None, cmake_target=None, cmake_target_skip_unavailable=False, cmake_clean_cache=False, cmake_clean_first=False, cmake_force_configure=False, ament_cmake_args=None, catkin_cmake_args=None, catkin_skip_building_tests=False, mixin_files=None, mixin=None, verb_parser=<colcon_mixin.mixin.mixin_argument.MixinArgumentDecorator object at 0x726336146650>, verb_extension=<colcon_core.verb.build.BuildVerb object at 0x7263362c3fa0>, main=<bound method BuildVerb.main of <colcon_core.verb.build.BuildVerb object at 0x7263362c3fa0>>, mixin_verb=('build',))
[0.112s] Level 1:colcon.colcon_core.package_discovery:discover_packages(colcon_meta) check parameters
[0.112s] Level 1:colcon.colcon_core.package_discovery:discover_packages(recursive) check parameters
[0.112s] Level 1:colcon.colcon_core.package_discovery:discover_packages(ignore) check parameters
[0.112s] Level 1:colcon.colcon_core.package_discovery:discover_packages(path) check parameters
[0.112s] Level 1:colcon.colcon_core.package_discovery:discover_packages(colcon_meta) discover
[0.112s] Level 1:colcon.colcon_core.package_discovery:discover_packages(recursive) discover
[0.112s] INFO:colcon.colcon_core.package_discovery:Crawling recursively for packages in '/home/marmot/yangxinrong/PSA_demo_movements'
[0.112s] Level 1:colcon.colcon_core.package_identification:_identify(.) by extensions ['ignore', 'ignore_ament_install']
[0.112s] Level 1:colcon.colcon_core.package_identification:_identify(.) by extension 'ignore'
[0.112s] Level 1:colcon.colcon_core.package_identification:_identify(.) by extension 'ignore_ament_install'
[0.112s] Level 1:colcon.colcon_core.package_identification:_identify(.) by extensions ['colcon_pkg']
[0.112s] Level 1:colcon.colcon_core.package_identification:_identify(.) by extension 'colcon_pkg'
[0.112s] Level 1:colcon.colcon_core.package_identification:_identify(.) by extensions ['colcon_meta']
[0.112s] Level 1:colcon.colcon_core.package_identification:_identify(.) by extension 'colcon_meta'
[0.112s] Level 1:colcon.colcon_core.package_identification:_identify(.) by extensions ['ros']
[0.112s] Level 1:colcon.colcon_core.package_identification:_identify(.) by extension 'ros'
[0.117s] Level 1:colcon.colcon_core.package_identification:_identify(.) by extensions ['cmake', 'python']
[0.117s] Level 1:colcon.colcon_core.package_identification:_identify(.) by extension 'cmake'
[0.117s] Level 1:colcon.colcon_core.package_identification:_identify(.) by extension 'python'
[0.117s] Level 1:colcon.colcon_core.package_identification:_identify(.) by extensions ['python_setup_py']
[0.117s] Level 1:colcon.colcon_core.package_identification:_identify(.) by extension 'python_setup_py'
[0.117s] Level 1:colcon.colcon_core.package_identification:_identify(build) by extensions ['ignore', 'ignore_ament_install']
[0.117s] Level 1:colcon.colcon_core.package_identification:_identify(build) by extension 'ignore'
[0.117s] Level 1:colcon.colcon_core.package_identification:_identify(build) ignored
[0.117s] Level 1:colcon.colcon_core.package_identification:_identify(install) by extensions ['ignore', 'ignore_ament_install']
[0.117s] Level 1:colcon.colcon_core.package_identification:_identify(install) by extension 'ignore'
[0.117s] Level 1:colcon.colcon_core.package_identification:_identify(install) ignored
[0.117s] Level 1:colcon.colcon_core.package_identification:_identify(log) by extensions ['ignore', 'ignore_ament_install']
[0.117s] Level 1:colcon.colcon_core.package_identification:_identify(log) by extension 'ignore'
[0.118s] Level 1:colcon.colcon_core.package_identification:_identify(log) ignored
[0.118s] Level 1:colcon.colcon_core.package_identification:_identify(src) by extensions ['ignore', 'ignore_ament_install']
[0.118s] Level 1:colcon.colcon_core.package_identification:_identify(src) by extension 'ignore'
[0.118s] Level 1:colcon.colcon_core.package_identification:_identify(src) by extension 'ignore_ament_install'
[0.118s] Level 1:colcon.colcon_core.package_identification:_identify(src) by extensions ['colcon_pkg']
[0.118s] Level 1:colcon.colcon_core.package_identification:_identify(src) by extension 'colcon_pkg'
[0.118s] Level 1:colcon.colcon_core.package_identification:_identify(src) by extensions ['colcon_meta']
[0.118s] Level 1:colcon.colcon_core.package_identification:_identify(src) by extension 'colcon_meta'
[0.118s] Level 1:colcon.colcon_core.package_identification:_identify(src) by extensions ['ros']
[0.118s] Level 1:colcon.colcon_core.package_identification:_identify(src) by extension 'ros'
[0.118s] Level 1:colcon.colcon_core.package_identification:_identify(src) by extensions ['cmake', 'python']
[0.118s] Level 1:colcon.colcon_core.package_identification:_identify(src) by extension 'cmake'
[0.118s] Level 1:colcon.colcon_core.package_identification:_identify(src) by extension 'python'
[0.118s] Level 1:colcon.colcon_core.package_identification:_identify(src) by extensions ['python_setup_py']
[0.118s] Level 1:colcon.colcon_core.package_identification:_identify(src) by extension 'python_setup_py'
[0.118s] Level 1:colcon.colcon_core.package_identification:_identify(src/PSA_demo_movements) by extensions ['ignore', 'ignore_ament_install']
[0.118s] Level 1:colcon.colcon_core.package_identification:_identify(src/PSA_demo_movements) by extension 'ignore'
[0.118s] Level 1:colcon.colcon_core.package_identification:_identify(src/PSA_demo_movements) by extension 'ignore_ament_install'
[0.118s] Level 1:colcon.colcon_core.package_identification:_identify(src/PSA_demo_movements) by extensions ['colcon_pkg']
[0.118s] Level 1:colcon.colcon_core.package_identification:_identify(src/PSA_demo_movements) by extension 'colcon_pkg'
[0.118s] Level 1:colcon.colcon_core.package_identification:_identify(src/PSA_demo_movements) by extensions ['colcon_meta']
[0.118s] Level 1:colcon.colcon_core.package_identification:_identify(src/PSA_demo_movements) by extension 'colcon_meta'
[0.118s] Level 1:colcon.colcon_core.package_identification:_identify(src/PSA_demo_movements) by extensions ['ros']
[0.118s] Level 1:colcon.colcon_core.package_identification:_identify(src/PSA_demo_movements) by extension 'ros'
[0.119s] DEBUG:colcon.colcon_core.package_identification:Package 'src/PSA_demo_movements' with type 'ros.ament_python' and name 'PSA_demo_movements'
[0.119s] Level 1:colcon.colcon_core.package_discovery:discover_packages(recursive) using defaults
[0.119s] Level 1:colcon.colcon_core.package_discovery:discover_packages(ignore) discover
[0.119s] Level 1:colcon.colcon_core.package_discovery:discover_packages(ignore) using defaults
[0.119s] Level 1:colcon.colcon_core.package_discovery:discover_packages(path) discover
[0.119s] Level 1:colcon.colcon_core.package_discovery:discover_packages(path) using defaults
[0.128s] Level 1:colcon.colcon_core.package_discovery:discover_packages(prefix_path) check parameters
[0.128s] Level 1:colcon.colcon_core.package_discovery:discover_packages(prefix_path) discover
[0.132s] DEBUG:colcon.colcon_installed_package_information.package_discovery:Found 1 installed packages in /home/marmot/yangxinrong/PSA_demo_movements/install
[0.133s] DEBUG:colcon.colcon_installed_package_information.package_discovery:Found 270 installed packages in /opt/ros/humble
[0.133s] Level 1:colcon.colcon_core.package_discovery:discover_packages(prefix_path) using defaults
[0.147s] Level 5:colcon.colcon_core.verb:set package 'PSA_demo_movements' build argument 'cmake_args' from command line to 'None'
[0.147s] Level 5:colcon.colcon_core.verb:set package 'PSA_demo_movements' build argument 'cmake_target' from command line to 'None'
[0.147s] Level 5:colcon.colcon_core.verb:set package 'PSA_demo_movements' build argument 'cmake_target_skip_unavailable' from command line to 'False'
[0.147s] Level 5:colcon.colcon_core.verb:set package 'PSA_demo_movements' build argument 'cmake_clean_cache' from command line to 'False'
[0.147s] Level 5:colcon.colcon_core.verb:set package 'PSA_demo_movements' build argument 'cmake_clean_first' from command line to 'False'
[0.147s] Level 5:colcon.colcon_core.verb:set package 'PSA_demo_movements' build argument 'cmake_force_configure' from command line to 'False'
[0.147s] Level 5:colcon.colcon_core.verb:set package 'PSA_demo_movements' build argument 'ament_cmake_args' from command line to 'None'
[0.147s] Level 5:colcon.colcon_core.verb:set package 'PSA_demo_movements' build argument 'catkin_cmake_args' from command line to 'None'
[0.147s] Level 5:colcon.colcon_core.verb:set package 'PSA_demo_movements' build argument 'catkin_skip_building_tests' from command line to 'False'
[0.147s] DEBUG:colcon.colcon_core.verb:Building package 'PSA_demo_movements' with the following arguments: {'ament_cmake_args': None, 'build_base': '/home/marmot/yangxinrong/PSA_demo_movements/build/PSA_demo_movements', 'catkin_cmake_args': None, 'catkin_skip_building_tests': False, 'cmake_args': None, 'cmake_clean_cache': False, 'cmake_clean_first': False, 'cmake_force_configure': False, 'cmake_target': None, 'cmake_target_skip_unavailable': False, 'install_base': '/home/marmot/yangxinrong/PSA_demo_movements/install/PSA_demo_movements', 'merge_install': False, 'path': '/home/marmot/yangxinrong/PSA_demo_movements/src/PSA_demo_movements', 'symlink_install': False, 'test_result_base': None}
[0.147s] INFO:colcon.colcon_core.executor:Executing jobs using 'parallel' executor
[0.148s] DEBUG:colcon.colcon_parallel_executor.executor.parallel:run_until_complete
[0.148s] INFO:colcon.colcon_ros.task.ament_python.build:Building ROS package in '/home/marmot/yangxinrong/PSA_demo_movements/src/PSA_demo_movements' with build type 'ament_python'
[0.148s] Level 1:colcon.colcon_core.shell:create_environment_hook('PSA_demo_movements', 'ament_prefix_path')
[0.149s] INFO:colcon.colcon_core.plugin_system:Skipping extension 'colcon_core.shell.bat': Not used on non-Windows systems
[0.149s] INFO:colcon.colcon_core.shell:Creating environment hook '/home/marmot/yangxinrong/PSA_demo_movements/install/PSA_demo_movements/share/PSA_demo_movements/hook/ament_prefix_path.ps1'
[0.149s] INFO:colcon.colcon_core.shell:Creating environment descriptor '/home/marmot/yangxinrong/PSA_demo_movements/install/PSA_demo_movements/share/PSA_demo_movements/hook/ament_prefix_path.dsv'
[0.149s] INFO:colcon.colcon_core.shell:Creating environment hook '/home/marmot/yangxinrong/PSA_demo_movements/install/PSA_demo_movements/share/PSA_demo_movements/hook/ament_prefix_path.sh'
[0.150s] INFO:colcon.colcon_core.shell:Skip shell extension 'powershell' for command environment: Not usable outside of PowerShell
[0.150s] DEBUG:colcon.colcon_core.shell:Skip shell extension 'dsv' for command environment
[0.260s] INFO:colcon.colcon_core.task.python.build:Building Python package in '/home/marmot/yangxinrong/PSA_demo_movements/src/PSA_demo_movements'
[0.260s] INFO:colcon.colcon_core.shell:Skip shell extension 'powershell' for command environment: Not usable outside of PowerShell
[0.260s] DEBUG:colcon.colcon_core.shell:Skip shell extension 'dsv' for command environment
[0.391s] DEBUG:colcon.colcon_core.event_handler.log_command:Invoking command in '/home/marmot/yangxinrong/PSA_demo_movements/src/PSA_demo_movements': CONDA_PROMPT_MODIFIER=(base) PYTHONPATH=/home/marmot/yangxinrong/PSA_demo_movements/build/PSA_demo_movements/prefix_override:/usr/lib/python3/dist-packages/colcon_core/task/python/colcon_distutils_commands:/home/marmot/yangxinrong/PSA_demo_movements/install/PSA_demo_movements/lib/python3.10/site-packages:${PYTHONPATH} /usr/bin/python3 -W ignore:setup.py install is deprecated -W ignore:easy_install command is deprecated setup.py egg_info --egg-base ../../build/PSA_demo_movements build --build-base /home/marmot/yangxinrong/PSA_demo_movements/build/PSA_demo_movements/build install --record /home/marmot/yangxinrong/PSA_demo_movements/build/PSA_demo_movements/install.log --single-version-externally-managed install_data
[0.507s] DEBUG:colcon.colcon_core.event_handler.log_command:Invoked command in '/home/marmot/yangxinrong/PSA_demo_movements/src/PSA_demo_movements' returned '0': CONDA_PROMPT_MODIFIER=(base) PYTHONPATH=/home/marmot/yangxinrong/PSA_demo_movements/build/PSA_demo_movements/prefix_override:/usr/lib/python3/dist-packages/colcon_core/task/python/colcon_distutils_commands:/home/marmot/yangxinrong/PSA_demo_movements/install/PSA_demo_movements/lib/python3.10/site-packages:${PYTHONPATH} /usr/bin/python3 -W ignore:setup.py install is deprecated -W ignore:easy_install command is deprecated setup.py egg_info --egg-base ../../build/PSA_demo_movements build --build-base /home/marmot/yangxinrong/PSA_demo_movements/build/PSA_demo_movements/build install --record /home/marmot/yangxinrong/PSA_demo_movements/build/PSA_demo_movements/install.log --single-version-externally-managed install_data
[0.508s] Level 1:colcon.colcon_core.environment:checking '/home/marmot/yangxinrong/PSA_demo_movements/install/PSA_demo_movements' for CMake module files
[0.508s] Level 1:colcon.colcon_core.environment:checking '/home/marmot/yangxinrong/PSA_demo_movements/install/PSA_demo_movements' for CMake config files
[0.508s] Level 1:colcon.colcon_core.environment:checking '/home/marmot/yangxinrong/PSA_demo_movements/install/PSA_demo_movements/lib'
[0.508s] Level 1:colcon.colcon_core.environment:checking '/home/marmot/yangxinrong/PSA_demo_movements/install/PSA_demo_movements/bin'
[0.508s] Level 1:colcon.colcon_core.environment:checking '/home/marmot/yangxinrong/PSA_demo_movements/install/PSA_demo_movements/lib/pkgconfig/PSA_demo_movements.pc'
[0.508s] Level 1:colcon.colcon_core.environment:checking '/home/marmot/yangxinrong/PSA_demo_movements/install/PSA_demo_movements/lib/python3.10/site-packages'
[0.508s] Level 1:colcon.colcon_core.shell:create_environment_hook('PSA_demo_movements', 'pythonpath')
[0.509s] INFO:colcon.colcon_core.shell:Creating environment hook '/home/marmot/yangxinrong/PSA_demo_movements/install/PSA_demo_movements/share/PSA_demo_movements/hook/pythonpath.ps1'
[0.509s] INFO:colcon.colcon_core.shell:Creating environment descriptor '/home/marmot/yangxinrong/PSA_demo_movements/install/PSA_demo_movements/share/PSA_demo_movements/hook/pythonpath.dsv'
[0.509s] INFO:colcon.colcon_core.shell:Creating environment hook '/home/marmot/yangxinrong/PSA_demo_movements/install/PSA_demo_movements/share/PSA_demo_movements/hook/pythonpath.sh'
[0.509s] Level 1:colcon.colcon_core.environment:checking '/home/marmot/yangxinrong/PSA_demo_movements/install/PSA_demo_movements/bin'
[0.509s] Level 1:colcon.colcon_core.environment:create_environment_scripts_only(PSA_demo_movements)
[0.509s] INFO:colcon.colcon_core.shell:Creating package script '/home/marmot/yangxinrong/PSA_demo_movements/install/PSA_demo_movements/share/PSA_demo_movements/package.ps1'
[0.510s] INFO:colcon.colcon_core.shell:Creating package descriptor '/home/marmot/yangxinrong/PSA_demo_movements/install/PSA_demo_movements/share/PSA_demo_movements/package.dsv'
[0.510s] INFO:colcon.colcon_core.shell:Creating package script '/home/marmot/yangxinrong/PSA_demo_movements/install/PSA_demo_movements/share/PSA_demo_movements/package.sh'
[0.510s] INFO:colcon.colcon_core.shell:Creating package script '/home/marmot/yangxinrong/PSA_demo_movements/install/PSA_demo_movements/share/PSA_demo_movements/package.bash'
[0.510s] INFO:colcon.colcon_core.shell:Creating package script '/home/marmot/yangxinrong/PSA_demo_movements/install/PSA_demo_movements/share/PSA_demo_movements/package.zsh'
[0.511s] Level 1:colcon.colcon_core.environment:create_file_with_runtime_dependencies(/home/marmot/yangxinrong/PSA_demo_movements/install/PSA_demo_movements/share/colcon-core/packages/PSA_demo_movements)
[0.511s] DEBUG:colcon.colcon_parallel_executor.executor.parallel:closing loop
[0.511s] DEBUG:colcon.colcon_parallel_executor.executor.parallel:loop closed
[0.511s] DEBUG:colcon.colcon_parallel_executor.executor.parallel:run_until_complete finished with '0'
[0.511s] DEBUG:colcon.colcon_core.event_reactor:joining thread
[0.513s] INFO:colcon.colcon_core.plugin_system:Skipping extension 'colcon_notification.desktop_notification.terminal_notifier': Not used on non-Darwin systems
[0.513s] INFO:colcon.colcon_core.plugin_system:Skipping extension 'colcon_notification.desktop_notification.win32': Not used on non-Windows systems
[0.513s] INFO:colcon.colcon_notification.desktop_notification:Sending desktop notification using 'notify2'
[0.519s] DEBUG:colcon.colcon_core.event_reactor:joined thread
[0.519s] INFO:colcon.colcon_core.shell:Creating prefix script '/home/marmot/yangxinrong/PSA_demo_movements/install/local_setup.ps1'
[0.519s] INFO:colcon.colcon_core.shell:Creating prefix util module '/home/marmot/yangxinrong/PSA_demo_movements/install/_local_setup_util_ps1.py'
[0.520s] INFO:colcon.colcon_core.shell:Creating prefix chain script '/home/marmot/yangxinrong/PSA_demo_movements/install/setup.ps1'
[0.520s] INFO:colcon.colcon_core.shell:Creating prefix script '/home/marmot/yangxinrong/PSA_demo_movements/install/local_setup.sh'
[0.521s] INFO:colcon.colcon_core.shell:Creating prefix util module '/home/marmot/yangxinrong/PSA_demo_movements/install/_local_setup_util_sh.py'
[0.521s] INFO:colcon.colcon_core.shell:Creating prefix chain script '/home/marmot/yangxinrong/PSA_demo_movements/install/setup.sh'
[0.521s] INFO:colcon.colcon_core.shell:Creating prefix script '/home/marmot/yangxinrong/PSA_demo_movements/install/local_setup.bash'
[0.521s] INFO:colcon.colcon_core.shell:Creating prefix chain script '/home/marmot/yangxinrong/PSA_demo_movements/install/setup.bash'
[0.522s] INFO:colcon.colcon_core.shell:Creating prefix script '/home/marmot/yangxinrong/PSA_demo_movements/install/local_setup.zsh'
[0.522s] INFO:colcon.colcon_core.shell:Creating prefix chain script '/home/marmot/yangxinrong/PSA_demo_movements/install/setup.zsh'
